<?xml version="1.0" encoding="UTF-8"?>
<!-- Generated by org.testng.reporters.JUnitReportReporter -->
<testsuite skipped="0" hostname="ITEM-s72590" name="org.provide.sbs136.ProvideSBS136" tests="1" failures="0" timestamp="2021-08-05T17:02:29 IST" time="191.335" errors="0">
  <testcase name="SBS136" time="191.335" classname="org.provide.sbs136.ProvideSBS136"/>
  <system-out/>
</testsuite> <!-- org.provide.sbs136.ProvideSBS136 -->
