<?xml version="1.0" encoding="UTF-8"?>
<!-- Generated by org.testng.reporters.JUnitReportReporter -->
<testsuite skipped="0" hostname="ITEM-s72590" name="org.provide.runnable.run" tests="1" failures="0" timestamp="2021-08-05T16:19:33 IST" time="117.134" errors="0">
  <testcase name="runMainScript" time="117.134" classname="org.provide.runnable.run"/>
  <system-out/>
</testsuite> <!-- org.provide.runnable.run -->
