<?xml version="1.0" encoding="UTF-8"?>
<!-- Generated by org.testng.reporters.JUnitReportReporter -->
<testsuite skipped="0" hostname="ITEM-s72590" name="org.provide.sbs.ProvideSBS" tests="1" failures="0" timestamp="2021-08-13T12:55:57 IST" time="957.322" errors="0">
  <testcase name="SBS" time="957.322" classname="org.provide.sbs.ProvideSBS"/>
  <system-out/>
</testsuite> <!-- org.provide.sbs.ProvideSBS -->
